<?xml version="1.0" encoding="UTF-8"?>
<!-- Generated by org.testng.reporters.JUnitReportReporter -->
<testsuite hostname="DESKTOP-MCIFTAV" failures="0" tests="8" name="testCases.TC001_HomePage" time="128.638" errors="0" timestamp="2024-03-01T13:59:54 IST" skipped="0">
  <testcase classname="testCases.TC001_HomePage" name="location" time="44.147"/>
  <testcase classname="testCases.TC001_HomePage" name="patientFilter" time="0.236"/>
  <testcase classname="testCases.TC001_HomePage" name="experienceFilter" time="2.164"/>
  <testcase classname="testCases.TC001_HomePage" name="allFilters" time="0.175"/>
  <testcase classname="testCases.TC001_HomePage" name="feesFilter" time="0.157"/>
  <testcase classname="testCases.TC001_HomePage" name="sortFilter" time="40.518"/>
  <testcase classname="testCases.TC001_HomePage" name="availableFilter" time="0.258"/>
  <testcase classname="testCases.TC001_HomePage" name="displayDoctorInfo" time="40.983"/>
</testsuite> <!-- testCases.TC001_HomePage -->
