<?xml version="1.0" encoding="UTF-8"?>
<!-- Generated by org.testng.reporters.JUnitReportReporter -->
<testsuite hostname="DESKTOP-MCIFTAV" failures="0" tests="5" name="testCases.TC003_Form" time="114.790" errors="0" timestamp="2024-03-01T13:59:54 IST" skipped="0">
  <testcase classname="testCases.TC003_Form" name="navigateToHospital" time="51.662"/>
  <testcase classname="testCases.TC003_Form" name="negativeTesting" time="3.856"/>
  <testcase classname="testCases.TC003_Form" name="positiveTesting" time="58.871"/>
  <testcase classname="testCases.TC003_Form" name="displayResponse" time="0.274"/>
  <testcase classname="testCases.TC003_Form" name="displayAddResponse" time="0.127"/>
</testsuite> <!-- testCases.TC003_Form -->
