<?xml version="1.0" encoding="UTF-8"?>
<!-- Generated by org.testng.reporters.JUnitReportReporter -->
<testsuite hostname="DESKTOP-MCIFTAV" failures="0" tests="2" name="testCases.TC002_Surgery" time="26.354" errors="0" timestamp="2024-03-01T13:59:54 IST" skipped="0">
  <testcase classname="testCases.TC002_Surgery" name="navigateToSurgeries" time="22.316"/>
  <testcase classname="testCases.TC002_Surgery" name="displaySurgeryElements" time="4.038"/>
</testsuite> <!-- testCases.TC002_Surgery -->
